{"level":"info","message":"Requesting log in","timestamp":"2015-11-28T23:51:54.995Z"}
{"level":"info","message":"Requesting all users","timestamp":"2015-11-28T23:51:55.013Z"}
{"level":"info","message":"Requesting games that started before Sat Nov 28 2015 23:51:55 GMT+0000 (GMT)","timestamp":"2015-11-28T23:51:55.016Z"}
{"level":"info","message":"ET equivelant date is Sat Nov 28 2015 18:51:55 GMT+0000 (GMT)","timestamp":"2015-11-28T23:51:55.016Z"}
{"level":"info","message":"Requesting Anthony's predictions for games that started before Sat Nov 28 2015 23:51:55 GMT+0000 (GMT)","timestamp":"2015-11-28T23:51:55.060Z"}
{"level":"info","message":"ET equivelant date is Sat Nov 28 2015 18:51:55 GMT+0000 (GMT)","timestamp":"2015-11-28T23:51:55.060Z"}
{"level":"info","message":"Requesting C.j.burridge's predictions for games that started before Sat Nov 28 2015 23:51:55 GMT+0000 (GMT)","timestamp":"2015-11-28T23:51:55.060Z"}
{"level":"info","message":"ET equivelant date is Sat Nov 28 2015 18:51:55 GMT+0000 (GMT)","timestamp":"2015-11-28T23:51:55.061Z"}
{"level":"info","message":"Requesting Nickyc101's predictions for games that started before Sat Nov 28 2015 23:51:55 GMT+0000 (GMT)","timestamp":"2015-11-28T23:51:55.061Z"}
{"level":"info","message":"ET equivelant date is Sat Nov 28 2015 18:51:55 GMT+0000 (GMT)","timestamp":"2015-11-28T23:51:55.061Z"}
{"level":"info","message":"Requesting Sam's predictions for games that started before Sat Nov 28 2015 23:51:55 GMT+0000 (GMT)","timestamp":"2015-11-28T23:51:55.062Z"}
{"level":"info","message":"ET equivelant date is Sat Nov 28 2015 18:51:55 GMT+0000 (GMT)","timestamp":"2015-11-28T23:51:55.062Z"}
{"level":"info","message":"Requesting Pedder5's predictions for games that started before Sat Nov 28 2015 23:51:55 GMT+0000 (GMT)","timestamp":"2015-11-28T23:51:55.062Z"}
{"level":"info","message":"ET equivelant date is Sat Nov 28 2015 18:51:55 GMT+0000 (GMT)","timestamp":"2015-11-28T23:51:55.062Z"}
{"level":"info","message":"Requesting carps86's predictions for games that started before Sat Nov 28 2015 23:51:55 GMT+0000 (GMT)","timestamp":"2015-11-28T23:51:55.063Z"}
{"level":"info","message":"ET equivelant date is Sat Nov 28 2015 18:51:55 GMT+0000 (GMT)","timestamp":"2015-11-28T23:51:55.063Z"}
{"level":"info","message":"Requesting mpau23's predictions for games that started before Sat Nov 28 2015 23:51:55 GMT+0000 (GMT)","timestamp":"2015-11-28T23:51:55.143Z"}
{"level":"info","message":"ET equivelant date is Sat Nov 28 2015 18:51:55 GMT+0000 (GMT)","timestamp":"2015-11-28T23:51:55.143Z"}
{"level":"info","message":"Requesting nashy's predictions for games that started before Sat Nov 28 2015 23:51:55 GMT+0000 (GMT)","timestamp":"2015-11-28T23:51:55.143Z"}
{"level":"info","message":"ET equivelant date is Sat Nov 28 2015 18:51:55 GMT+0000 (GMT)","timestamp":"2015-11-28T23:51:55.143Z"}
{"level":"info","message":"Requesting cjunited's predictions for games that started before Sat Nov 28 2015 23:51:55 GMT+0000 (GMT)","timestamp":"2015-11-28T23:51:55.144Z"}
{"level":"info","message":"ET equivelant date is Sat Nov 28 2015 18:51:55 GMT+0000 (GMT)","timestamp":"2015-11-28T23:51:55.144Z"}
{"level":"info","message":"Requesting pjunited1's predictions for games that started before Sat Nov 28 2015 23:51:55 GMT+0000 (GMT)","timestamp":"2015-11-28T23:51:55.154Z"}
{"level":"info","message":"ET equivelant date is Sat Nov 28 2015 18:51:55 GMT+0000 (GMT)","timestamp":"2015-11-28T23:51:55.154Z"}
{"level":"info","message":"Requesting richdixon68's predictions for games that started before Sat Nov 28 2015 23:51:55 GMT+0000 (GMT)","timestamp":"2015-11-28T23:51:55.155Z"}
{"level":"info","message":"ET equivelant date is Sat Nov 28 2015 18:51:55 GMT+0000 (GMT)","timestamp":"2015-11-28T23:51:55.155Z"}
{"level":"info","message":"Requesting games for week 2","timestamp":"2015-11-28T23:52:03.903Z"}
{"level":"info","message":"Requesting week 2 predictions for user bXBhdTIzOktyaXNobmEyMw==","timestamp":"2015-11-28T23:52:03.904Z"}
